10 49 04 5C 00 5B 80 44 42 47 5F 01 0B 02 04 01
5B 81 0B 44 42 47 5F 01 44 42 47 42 08 14 2C 44
42 55 47 01 98 68 60 96 60 60 74 87 60 01 61 70
00 62 A2 10 95 62 61 70 83 88 60 62 00 44 42 47
42 75 62 70 0A 0A 44 42 47 42 10 22 5F 53 42 5F
5B 82 1B 50 43 49 30 08 5F 48 49 44 0C 41 D0 0A
03 08 5F 41 44 52 00 08 5F 55 49 44 00 10 4D 08
5F 53 42 5F 5B 82 45 08 48 50 45 54 08 5F 48 49
44 0C 41 D0 01 03 08 5F 55 49 44 00 5B 80 48 50
54 4D 00 0C 00 00 D0 FE 0B 00 04 5B 81 10 48 50
54 4D 13 56 45 4E 44 20 50 52 44 5F 20 14 36 5F
53 54 41 00 70 56 45 4E 44 60 70 50 52 44 5F 61
7A 60 0A 10 60 A0 0C 91 93 60 00 93 60 0B FF FF
A4 00 A0 0E 91 93 61 00 94 61 0C 00 E1 F5 05 A4
00 A4 0A 0F 08 5F 43 52 53 11 11 0A 0E 86 09 00
00 00 00 D0 FE 00 04 00 00 79 00 10 26 2E 5F 53
42 5F 50 43 49 30 5B 82 1A 49 53 41 5F 08 5F 41
44 52 0C 00 00 01 00 5B 80 50 34 30 43 02 0A 60
0A 04 10 4E 17 2F 03 5F 53 42 5F 50 43 49 30 49
53 41 5F 5B 82 34 4B 42 44 5F 08 5F 48 49 44 0C
41 D0 03 03 08 5F 53 54 41 0A 0F 08 5F 43 52 53
11 18 0A 15 47 01 60 00 60 00 01 01 47 01 64 00
64 00 01 01 22 02 00 79 00 5B 82 24 4D 4F 55 5F
08 5F 48 49 44 0C 41 D0 0F 13 08 5F 53 54 41 0A
0F 08 5F 43 52 53 11 08 0A 05 22 00 10 79 00 5B
82 41 08 46 44 43 30 08 5F 48 49 44 0C 41 D0 07
00 08 5F 43 52 53 11 1B 0A 18 47 01 F2 03 F2 03
00 04 47 01 F7 03 F7 03 00 01 22 40 00 2A 04 00
79 00 5B 82 31 46 4C 50 41 08 5F 41 44 52 00 08
5F 46 44 49 12 20 10 00 0A 05 0A 4F 0A 30 01 0A
AF 0A 02 0A 25 0A 02 0A 12 0A 1B 0A FF 0A 6C 0A
F6 0A 0F 0A 08 08 5F 46 44 45 11 17 0A 14 01 00
00 00 00 00 00 00 00 00 00 00 00 00 00 00 02 00
00 00 5B 82 32 4C 50 54 31 08 5F 48 49 44 0C 41
D0 04 00 08 5F 55 49 44 01 08 5F 53 54 41 0A 0F
08 5F 43 52 53 11 10 0A 0D 47 01 78 03 78 03 08
08 22 80 00 79 00 5B 82 32 43 4F 4D 31 08 5F 48
49 44 0C 41 D0 05 01 08 5F 55 49 44 01 08 5F 53
54 41 0A 0F 08 5F 43 52 53 11 10 0A 0D 47 01 F8
03 F8 03 00 08 22 10 00 79 00 5B 82 25 52 54 43
5F 08 5F 48 49 44 0C 41 D0 0B 00 08 5F 43 52 53
11 10 0A 0D 47 01 70 00 70 00 01 08 22 00 01 79
00 10 4E 36 5F 53 42 5F 10 4B 0A 50 43 49 30 14
44 0A 5F 50 52 54 00 70 12 02 80 60 70 00 61 A2
42 09 95 61 0A 80 70 7A 61 0A 02 00 62 70 7B 72
61 62 00 0A 03 00 63 A0 10 93 63 00 70 12 09 04
00 00 4C 4E 4B 44 00 64 A0 24 93 63 01 A0 11 93
61 0A 04 70 12 09 04 00 00 4C 4E 4B 53 00 64 A1
0D 70 12 09 04 00 00 4C 4E 4B 41 00 64 A0 11 93
63 0A 02 70 12 09 04 00 00 4C 4E 4B 42 00 64 A0
11 93 63 0A 03 70 12 09 04 00 00 4C 4E 4B 43 00
64 70 7D 79 62 0A 10 00 0B FF FF 00 88 64 00 00
70 7B 61 0A 03 00 88 64 01 00 70 64 88 60 61 00
75 61 A4 60 5B 81 24 2F 03 50 43 49 30 49 53 41
5F 50 34 30 43 01 50 52 51 30 08 50 52 51 31 08
50 52 51 32 08 50 52 51 33 08 14 13 49 51 53 54
01 A0 09 7B 0A 80 68 00 A4 0A 09 A4 0A 0B 14 36
49 51 43 52 09 08 50 52 52 30 11 0E 0A 0B 89 06
00 09 01 00 00 00 00 79 00 8A 50 52 52 30 0A 05
50 52 52 49 A0 0B 95 68 0A 80 70 68 50 52 52 49
A4 50 52 52 30 5B 82 4C 07 4C 4E 4B 41 08 5F 48
49 44 0C 41 D0 0C 0F 08 5F 55 49 44 00 08 5F 50
52 53 11 16 0A 13 89 0E 00 09 03 05 00 00 00 0A
00 00 00 0B 00 00 00 79 00 14 0F 5F 53 54 41 00
A4 49 51 53 54 50 52 51 30 14 11 5F 44 49 53 00
7D 50 52 51 30 0A 80 50 52 51 30 14 0F 5F 43 52
53 00 A4 49 51 43 52 50 52 51 30 14 17 5F 53 52
53 01 8A 68 0A 05 50 52 52 49 70 50 52 52 49 50
52 51 30 5B 82 4C 07 4C 4E 4B 42 08 5F 48 49 44
0C 41 D0 0C 0F 08 5F 55 49 44 01 08 5F 50 52 53
11 16 0A 13 89 0E 00 09 03 05 00 00 00 0A 00 00
00 0B 00 00 00 79 00 14 0F 5F 53 54 41 00 A4 49
51 53 54 50 52 51 31 14 11 5F 44 49 53 00 7D 50
52 51 31 0A 80 50 52 51 31 14 0F 5F 43 52 53 00
A4 49 51 43 52 50 52 51 31 14 17 5F 53 52 53 01
8A 68 0A 05 50 52 52 49 70 50 52 52 49 50 52 51
31 5B 82 4D 07 4C 4E 4B 43 08 5F 48 49 44 0C 41
D0 0C 0F 08 5F 55 49 44 0A 02 08 5F 50 52 53 11
16 0A 13 89 0E 00 09 03 05 00 00 00 0A 00 00 00
0B 00 00 00 79 00 14 0F 5F 53 54 41 00 A4 49 51
53 54 50 52 51 32 14 11 5F 44 49 53 00 7D 50 52
51 32 0A 80 50 52 51 32 14 0F 5F 43 52 53 00 A4
49 51 43 52 50 52 51 32 14 17 5F 53 52 53 01 8A
68 0A 05 50 52 52 49 70 50 52 52 49 50 52 51 32
5B 82 4D 07 4C 4E 4B 44 08 5F 48 49 44 0C 41 D0
0C 0F 08 5F 55 49 44 0A 03 08 5F 50 52 53 11 16
0A 13 89 0E 00 09 03 05 00 00 00 0A 00 00 00 0B
00 00 00 79 00 14 0F 5F 53 54 41 00 A4 49 51 53
54 50 52 51 33 14 11 5F 44 49 53 00 7D 50 52 51
33 0A 80 50 52 51 33 14 0F 5F 43 52 53 00 A4 49
51 43 52 50 52 51 33 14 17 5F 53 52 53 01 8A 68
0A 05 50 52 52 49 70 50 52 52 49 50 52 51 33 5B
82 4F 04 4C 4E 4B 53 08 5F 48 49 44 0C 41 D0 0C
0F 08 5F 55 49 44 0A 04 08 5F 50 52 53 11 0E 0A
0B 89 06 00 09 01 09 00 00 00 79 00 14 09 5F 53
54 41 00 A4 0A 0B 14 06 5F 44 49 53 00 14 0B 5F
43 52 53 00 A4 5F 50 52 53 14 06 5F 53 52 53 01
10 4F 3E 5F 53 42 5F 5B 82 48 0A 5C 2F 03 5F 53
42 5F 50 43 49 30 50 52 45 53 08 5F 48 49 44 0C
41 D0 0A 06 08 5F 55 49 44 0D 43 50 55 20 48 6F
74 70 6C 75 67 20 72 65 73 6F 75 72 63 65 73 00
5B 01 43 50 4C 4B 00 08 5F 43 52 53 11 0D 0A 0A
47 01 00 AF 00 AF 01 0C 79 00 5B 80 50 52 53 54
01 0B 00 AF 0A 0C 5B 81 28 50 52 53 54 41 00 20
43 50 45 4E 01 43 49 4E 53 01 43 52 4D 56 01 43
45 4A 30 01 43 45 4A 46 01 00 03 43 43 4D 44 08
5B 81 12 50 52 53 54 03 43 53 45 4C 20 00 20 43
44 41 54 20 14 0C 5F 49 4E 49 08 70 00 43 53 45
4C 5B 82 4D 33 5C 2E 5F 53 42 5F 43 50 55 53 08
5F 48 49 44 0D 41 43 50 49 30 30 31 30 00 08 5F
43 49 44 0C 41 D0 0A 05 14 11 43 54 46 59 02 A0
0A 93 68 00 86 43 30 30 30 69 14 48 06 43 53 54
41 09 5B 23 5C 2F 04 5F 53 42 5F 50 43 49 30 50
52 45 53 43 50 4C 4B FF FF 70 68 5C 2F 04 5F 53
42 5F 50 43 49 30 50 52 45 53 43 53 45 4C 70 00
60 A0 1A 93 5C 2F 04 5F 53 42 5F 50 43 49 30 50
52 45 53 43 50 45 4E 01 70 0A 0F 60 5B 27 5C 2F
04 5F 53 42 5F 50 43 49 30 50 52 45 53 43 50 4C
4B A4 60 14 4D 05 43 45 4A 30 09 5B 23 5C 2F 04
5F 53 42 5F 50 43 49 30 50 52 45 53 43 50 4C 4B
FF FF 70 68 5C 2F 04 5F 53 42 5F 50 43 49 30 50
52 45 53 43 53 45 4C 70 01 5C 2F 04 5F 53 42 5F
50 43 49 30 50 52 45 53 43 45 4A 30 5B 27 5C 2F
04 5F 53 42 5F 50 43 49 30 50 52 45 53 43 50 4C
4B 14 46 16 43 53 43 4E 08 5B 23 5C 2F 04 5F 53
42 5F 50 43 49 30 50 52 45 53 43 50 4C 4B FF FF
08 43 4E 45 57 12 02 FF 70 00 63 70 01 64 A2 44
12 93 64 01 70 00 64 70 01 60 70 00 61 A2 4C 0C
90 93 60 01 95 63 01 70 00 60 70 63 5C 2F 04 5F
53 42 5F 50 43 49 30 50 52 45 53 43 53 45 4C 70
00 5C 2F 04 5F 53 42 5F 50 43 49 30 50 52 45 53
43 43 4D 44 A0 17 95 5C 2F 04 5F 53 42 5F 50 43
49 30 50 52 45 53 43 44 41 54 63 A5 A0 09 93 61
0A FF 70 01 64 A5 70 5C 2F 04 5F 53 42 5F 50 43
49 30 50 52 45 53 43 44 41 54 63 A0 24 93 5C 2F
04 5F 53 42 5F 50 43 49 30 50 52 45 53 43 49 4E
53 01 70 63 88 43 4E 45 57 61 00 75 61 70 01 60
A1 37 A0 35 93 5C 2F 04 5F 53 42 5F 50 43 49 30
50 52 45 53 43 52 4D 56 01 43 54 46 59 63 0A 03
70 01 5C 2F 04 5F 53 42 5F 50 43 49 30 50 52 45
53 43 52 4D 56 70 01 60 75 63 70 00 62 A2 45 04
95 62 61 70 83 88 43 4E 45 57 62 00 63 43 54 46
59 63 01 70 63 5B 31 70 63 5C 2F 04 5F 53 42 5F
50 43 49 30 50 52 45 53 43 53 45 4C 70 01 5C 2F
04 5F 53 42 5F 50 43 49 30 50 52 45 53 43 49 4E
53 75 62 5B 27 5C 2F 04 5F 53 42 5F 50 43 49 30
50 52 45 53 43 50 4C 4B 14 4D 09 43 4F 53 54 0C
5B 23 5C 2F 04 5F 53 42 5F 50 43 49 30 50 52 45
53 43 50 4C 4B FF FF 70 68 5C 2F 04 5F 53 42 5F
50 43 49 30 50 52 45 53 43 53 45 4C 70 01 5C 2F
04 5F 53 42 5F 50 43 49 30 50 52 45 53 43 43 4D
44 70 69 5C 2F 04 5F 53 42 5F 50 43 49 30 50 52
45 53 43 44 41 54 70 0A 02 5C 2F 04 5F 53 42 5F
50 43 49 30 50 52 45 53 43 43 4D 44 70 6A 5C 2F
04 5F 53 42 5F 50 43 49 30 50 52 45 53 43 44 41
54 5B 27 5C 2F 04 5F 53 42 5F 50 43 49 30 50 52
45 53 43 50 4C 4B 5B 83 38 43 30 30 30 00 00 00
00 00 00 14 0C 5F 53 54 41 08 A4 43 53 54 41 00
08 5F 4D 41 54 11 0B 0A 08 00 08 00 00 01 00 00
00 14 0E 5F 4F 53 54 0B 43 4F 53 54 00 68 69 6A
14 1B 5C 2E 5F 47 50 45 5F 45 30 32 00 5C 2F 03
5F 53 42 5F 43 50 55 53 43 53 43 4E 10 14 5F 47
50 45 08 5F 48 49 44 0D 41 43 50 49 30 30 30 36
00 10 47 0F 5C 2E 5F 53 42 5F 50 43 49 30 08 5F
43 52 53 11 40 0A 0A 9C 88 0D 00 02 0C 00 00 00
00 00 FF 00 00 00 00 01 47 01 F8 0C F8 0C 01 08
88 0D 00 01 0C 03 00 00 00 00 F7 0C 00 00 F8 0C
88 0D 00 01 0C 03 00 00 00 0D FF FF 00 00 00 F3
87 17 00 00 0C 03 00 00 00 00 00 00 0A 00 FF FF
0B 00 00 00 00 00 00 00 02 00 87 17 00 00 0C 01
00 00 00 00 00 00 00 08 FF FF BF FE 00 00 00 00
00 00 C0 F6 8A 2B 00 00 0C 03 00 00 00 00 00 00
00 00 00 00 00 00 01 00 00 00 FF FF FF 7F 01 00
00 00 00 00 00 00 00 00 00 00 00 00 00 80 00 00
00 00 79 00 5B 82 43 04 47 50 45 30 08 5F 48 49
44 0D 50 4E 50 30 41 30 36 00 08 5F 55 49 44 0D
47 50 45 30 20 72 65 73 6F 75 72 63 65 73 00 08
5F 53 54 41 0A 0B 08 5F 43 52 53 11 0D 0A 0A 47
01 E0 AF E0 AF 01 04 79 00 10 29 5C 00 08 5F 53
33 5F 12 06 04 01 01 00 00 08 5F 53 34 5F 12 08
04 0A 02 0A 02 00 00 08 5F 53 35 5F 12 06 04 00
00 00 00 10 3B 5C 2E 5F 53 42 5F 50 43 49 30 5B
82 2E 46 57 43 46 08 5F 48 49 44 0D 51 45 4D 55
30 30 30 32 00 08 5F 53 54 41 0A 0B 08 5F 43 52
                                             ()
53 11 0D 0A 0A 47 01 10 05 10 05 01 0C 79 00 10
       \  _  S  B  - ()     P  C  I  0  dev
46 04 5C 5F 53 42 5F 10 3E 50 43 49 30 5B 82 0B
 S  0  0  _ nm  _  A  D  R     dev      S  1  0
53 30 30 5F 08 5F 41 44 52 00 5B 82 2A 53 31 30
 _ nm  _  A  D  R                mth    _  S  1
5F 08 5F 41 44 52 0C 00 00 02 00 14 08 5F 53 31
 D    ret   mth    
44 00 A4 00 14 08 5F 53 32 44 00 A4 00 14 08 5F
53 33 44 00 A4 00
